WARNING: All log messages before absl::InitializeLog() is called are written to STDERR
I0000 00:00:1779757577.408835   98329 port.cc:153] oneDNN custom operations are on. You may see slightly different numerical results due to floating-point round-off errors from different computation orders. To turn them off, set the environment variable `TF_ENABLE_ONEDNN_OPTS=0`.
I0000 00:00:1779757577.409665   98329 cudart_stub.cc:31] Could not find cuda drivers on your machine, GPU will not be used.
I0000 00:00:1779757577.513801   98329 cpu_feature_guard.cc:227] This TensorFlow binary is optimized to use available CPU instructions in performance-critical operations.
To enable the following instructions: AVX2 AVX512F AVX512_VNNI FMA, in other operations, rebuild TensorFlow with the appropriate compiler flags.
WARNING: All log messages before absl::InitializeLog() is called are written to STDERR
I0000 00:00:1779757580.310264   98329 port.cc:153] oneDNN custom operations are on. You may see slightly different numerical results due to floating-point round-off errors from different computation orders. To turn them off, set the environment variable `TF_ENABLE_ONEDNN_OPTS=0`.
I0000 00:00:1779757580.312062   98329 cudart_stub.cc:31] Could not find cuda drivers on your machine, GPU will not be used.
WARNING: All log messages before absl::InitializeLog() is called are written to STDERR
I0000 00:00:1779757584.017270   98355 port.cc:153] oneDNN custom operations are on. You may see slightly different numerical results due to floating-point round-off errors from different computation orders. To turn them off, set the environment variable `TF_ENABLE_ONEDNN_OPTS=0`.
I0000 00:00:1779757584.018091   98355 cudart_stub.cc:31] Could not find cuda drivers on your machine, GPU will not be used.
WARNING: All log messages before absl::InitializeLog() is called are written to STDERR
I0000 00:00:1779757586.922338   98355 port.cc:153] oneDNN custom operations are on. You may see slightly different numerical results due to floating-point round-off errors from different computation orders. To turn them off, set the environment variable `TF_ENABLE_ONEDNN_OPTS=0`.
I0000 00:00:1779757586.923895   98355 cudart_stub.cc:31] Could not find cuda drivers on your machine, GPU will not be used.
Watching for file changes with StatReloader
/home/ccs/Modelos/Rocks-Fit/blog/whatsapp_service.py changed, reloading.
Performing system checks...

System check identified no issues (0 silenced).
May 25, 2026 - 22:06:29
Django version 5.1, using settings 'sitio.settings.development'
Starting development server at http://127.0.0.1:8001/
Quit the server with CONTROL-C.

WARNING: All log messages before absl::InitializeLog() is called are written to STDERR
I0000 00:00:1779757856.450527   98632 port.cc:153] oneDNN custom operations are on. You may see slightly different numerical results due to floating-point round-off errors from different computation orders. To turn them off, set the environment variable `TF_ENABLE_ONEDNN_OPTS=0`.
I0000 00:00:1779757856.451245   98632 cudart_stub.cc:31] Could not find cuda drivers on your machine, GPU will not be used.
WARNING: All log messages before absl::InitializeLog() is called are written to STDERR
I0000 00:00:1779757859.464032   98632 port.cc:153] oneDNN custom operations are on. You may see slightly different numerical results due to floating-point round-off errors from different computation orders. To turn them off, set the environment variable `TF_ENABLE_ONEDNN_OPTS=0`.
I0000 00:00:1779757859.465510   98632 cudart_stub.cc:31] Could not find cuda drivers on your machine, GPU will not be used.
Watching for file changes with StatReloader
/home/ccs/Modelos/Rocks-Fit/blog/whatsapp_service.py changed, reloading.
Performing system checks...

System check identified no issues (0 silenced).
May 25, 2026 - 22:11:01
Django version 5.1, using settings 'sitio.settings.development'
Starting development server at http://127.0.0.1:8001/
Quit the server with CONTROL-C.

WARNING: All log messages before absl::InitializeLog() is called are written to STDERR
I0000 00:00:1779757866.869371   98660 port.cc:153] oneDNN custom operations are on. You may see slightly different numerical results due to floating-point round-off errors from different computation orders. To turn them off, set the environment variable `TF_ENABLE_ONEDNN_OPTS=0`.
I0000 00:00:1779757866.870139   98660 cudart_stub.cc:31] Could not find cuda drivers on your machine, GPU will not be used.
WARNING: All log messages before absl::InitializeLog() is called are written to STDERR
I0000 00:00:1779757869.693133   98660 port.cc:153] oneDNN custom operations are on. You may see slightly different numerical results due to floating-point round-off errors from different computation orders. To turn them off, set the environment variable `TF_ENABLE_ONEDNN_OPTS=0`.
I0000 00:00:1779757869.694543   98660 cudart_stub.cc:31] Could not find cuda drivers on your machine, GPU will not be used.
Watching for file changes with StatReloader
